# JRE version: Java(TM) SE Runtime Environment (8.0_101-b13) (build 1.8.0_101-b13)
# Java VM: Java HotSpot(TM) 64-Bit Server VM (25.101-b13 mixed mode bsd-amd64 compressed oops)
Heap:
 PSYoungGen      total 71680K, used 27421K [0x0000000795580000, 0x000000079d880000, 0x00000007c0000000)
  eden space 59392K, 45% used [0x0000000795580000,0x0000000797007588,0x0000000798f80000)
  from space 12288K, 2% used [0x000000079c080000,0x000000079c0c0000,0x000000079cc80000)
  to   space 12288K, 0% used [0x000000079cc80000,0x000000079cc80000,0x000000079d880000)
 ParOldGen       total 87552K, used 13767K [0x0000000740000000, 0x0000000745580000, 0x0000000795580000)
  object space 87552K, 15% used [0x0000000740000000,0x0000000740d71d98,0x0000000745580000)
 Metaspace       used 11547K, capacity 11877K, committed 12160K, reserved 1060864K
  class space    used 1230K, capacity 1297K, committed 1408K, reserved 1048576K
GC Heap History (10 events):
Event: 11.311 GC heap before
{Heap before GC invocations=5 (full 0):
 PSYoungGen      total 71680K, used 69920K [0x0000000795580000, 0x000000079a080000, 0x00000007c0000000)
  eden space 66560K, 100% used [0x0000000795580000,0x0000000799680000,0x0000000799680000)
  from space 5120K, 65% used [0x0000000799b80000,0x0000000799ec8010,0x000000079a080000)
  to   space 5120K, 0% used [0x0000000799680000,0x0000000799680000,0x0000000799b80000)
 ParOldGen       total 87552K, used 10517K [0x0000000740000000, 0x0000000745580000, 0x0000000795580000)
  object space 87552K, 12% used [0x0000000740000000,0x0000000740a457c0,0x0000000745580000)
 Metaspace       used 11520K, capacity 11813K, committed 12160K, reserved 1060864K
  class space    used 1229K, capacity 1297K, committed 1408K, reserved 1048576K
Event: 11.316 GC heap after
Heap after GC invocations=5 (full 0):
 PSYoungGen      total 71680K, used 3296K [0x0000000795580000, 0x000000079ee80000, 0x00000007c0000000)
  eden space 66560K, 0% used [0x0000000795580000,0x0000000795580000,0x0000000799680000)
  from space 5120K, 64% used [0x0000000799680000,0x00000007999b8010,0x0000000799b80000)
  to   space 11776K, 0% used [0x000000079e300000,0x000000079e300000,0x000000079ee80000)
 ParOldGen       total 87552K, used 10525K [0x0000000740000000, 0x0000000745580000, 0x0000000795580000)
  object space 87552K, 12% used [0x0000000740000000,0x0000000740a477c0,0x0000000745580000)
 Metaspace       used 11520K, capacity 11813K, committed 12160K, reserved 1060864K
  class space    used 1229K, capacity 1297K, committed 1408K, reserved 1048576K
}
Event: 15.909 GC heap before
{Heap before GC invocations=6 (full 0):
 PSYoungGen      total 71680K, used 69856K [0x0000000795580000, 0x000000079ee80000, 0x00000007c0000000)
  eden space 66560K, 100% used [0x0000000795580000,0x0000000799680000,0x0000000799680000)
  from space 5120K, 64% used [0x0000000799680000,0x00000007999b8010,0x0000000799b80000)
  to   space 11776K, 0% used [0x000000079e300000,0x000000079e300000,0x000000079ee80000)
 ParOldGen       total 87552K, used 10525K [0x0000000740000000, 0x0000000745580000, 0x0000000795580000)
  object space 87552K, 12% used [0x0000000740000000,0x0000000740a477c0,0x0000000745580000)
 Metaspace       used 11533K, capacity 11877K, committed 12160K, reserved 1060864K
  class space    used 1230K, capacity 1297K, committed 1408K, reserved 1048576K
Event: 15.915 GC heap after
Heap after GC invocations=6 (full 0):
 PSYoungGen      total 68096K, used 3328K [0x0000000795580000, 0x000000079e680000, 0x00000007c0000000)
  eden space 64512K, 0% used [0x0000000795580000,0x0000000795580000,0x0000000799480000)
  from space 3584K, 92% used [0x000000079e300000,0x000000079e640010,0x000000079e680000)
  to   space 11776K, 0% used [0x000000079cf80000,0x000000079cf80000,0x000000079db00000)
 ParOldGen       total 87552K, used 10533K [0x0000000740000000, 0x0000000745580000, 0x0000000795580000)
  object space 87552K, 12% used [0x0000000740000000,0x0000000740a497c0,0x0000000745580000)
 Metaspace       used 11533K, capacity 11877K, committed 12160K, reserved 1060864K
  class space    used 1230K, capacity 1297K, committed 1408K, reserved 1048576K
}
Event: 19.945 GC heap before
{Heap before GC invocations=7 (full 0):
 PSYoungGen      total 68096K, used 67840K [0x0000000795580000, 0x000000079e680000, 0x00000007c0000000)
  eden space 64512K, 100% used [0x0000000795580000,0x0000000799480000,0x0000000799480000)
  from space 3584K, 92% used [0x000000079e300000,0x000000079e640010,0x000000079e680000)
  to   space 11776K, 0% used [0x000000079cf80000,0x000000079cf80000,0x000000079db00000)
 ParOldGen       total 87552K, used 10533K [0x0000000740000000, 0x0000000745580000, 0x0000000795580000)
  object space 87552K, 12% used [0x0000000740000000,0x0000000740a497c0,0x0000000745580000)
 Metaspace       used 11535K, capacity 11877K, committed 12160K, reserved 1060864K
  class space    used 1230K, capacity 1297K, committed 1408K, reserved 1048576K
Event: 19.949 GC heap after
Heap after GC invocations=7 (full 0):
 PSYoungGen      total 62976K, used 512K [0x0000000795580000, 0x000000079e380000, 0x00000007c0000000)
  eden space 62464K, 0% used [0x0000000795580000,0x0000000795580000,0x0000000799280000)
  from space 512K, 100% used [0x000000079cf80000,0x000000079d000000,0x000000079d000000)
  to   space 11776K, 0% used [0x000000079d800000,0x000000079d800000,0x000000079e380000)
 ParOldGen       total 87552K, used 13431K [0x0000000740000000, 0x0000000745580000, 0x0000000795580000)
  object space 87552K, 15% used [0x0000000740000000,0x0000000740d1dd88,0x0000000745580000)
 Metaspace       used 11535K, capacity 11877K, committed 12160K, reserved 1060864K
  class space    used 1230K, capacity 1297K, committed 1408K, reserved 1048576K
}
Event: 23.676 GC heap before
{Heap before GC invocations=8 (full 0):
 PSYoungGen      total 62976K, used 62976K [0x0000000795580000, 0x000000079e380000, 0x00000007c0000000)
  eden space 62464K, 100% used [0x0000000795580000,0x0000000799280000,0x0000000799280000)
  from space 512K, 100% used [0x000000079cf80000,0x000000079d000000,0x000000079d000000)
  to   space 11776K, 0% used [0x000000079d800000,0x000000079d800000,0x000000079e380000)
 ParOldGen       total 87552K, used 13431K [0x0000000740000000, 0x0000000745580000, 0x0000000795580000)
  object space 87552K, 15% used [0x0000000740000000,0x0000000740d1dd88,0x0000000745580000)
 Metaspace       used 11535K, capacity 11877K, committed 12160K, reserved 1060864K
  class space    used 1230K, capacity 1297K, committed 1408K, reserved 1048576K
Event: 23.678 GC heap after
Heap after GC invocations=8 (full 0):
 PSYoungGen      total 61440K, used 256K [0x0000000795580000, 0x000000079d880000, 0x00000007c0000000)
  eden space 60928K, 0% used [0x0000000795580000,0x0000000795580000,0x0000000799100000)
  from space 512K, 50% used [0x000000079d800000,0x000000079d840000,0x000000079d880000)
  to   space 12288K, 0% used [0x000000079c080000,0x000000079c080000,0x000000079cc80000)
 ParOldGen       total 87552K, used 13703K [0x0000000740000000, 0x0000000745580000, 0x0000000795580000)
  object space 87552K, 15% used [0x0000000740000000,0x0000000740d61d98,0x0000000745580000)
 Metaspace       used 11535K, capacity 11877K, committed 12160K, reserved 1060864K
  class space    used 1230K, capacity 1297K, committed 1408K, reserved 1048576K
}
Event: 27.210 GC heap before
{Heap before GC invocations=9 (full 0):
 PSYoungGen      total 61440K, used 61184K [0x0000000795580000, 0x000000079d880000, 0x00000007c0000000)
  eden space 60928K, 100% used [0x0000000795580000,0x0000000799100000,0x0000000799100000)
  from space 512K, 50% used [0x000000079d800000,0x000000079d840000,0x000000079d880000)
  to   space 12288K, 0% used [0x000000079c080000,0x000000079c080000,0x000000079cc80000)
 ParOldGen       total 87552K, used 13703K [0x0000000740000000, 0x0000000745580000, 0x0000000795580000)
  object space 87552K, 15% used [0x0000000740000000,0x0000000740d61d98,0x0000000745580000)
 Metaspace       used 11539K, capacity 11877K, committed 12160K, reserved 1060864K
  class space    used 1230K, capacity 1297K, committed 1408K, reserved 1048576K
Event: 27.210 GC heap after
Heap after GC invocations=9 (full 0):
 PSYoungGen      total 71680K, used 256K [0x0000000795580000, 0x000000079d880000, 0x00000007c0000000)
  eden space 59392K, 0% used [0x0000000795580000,0x0000000795580000,0x0000000798f80000)
  from space 12288K, 2% used [0x000000079c080000,0x000000079c0c0000,0x000000079cc80000)
  to   space 12288K, 0% used [0x000000079cc80000,0x000000079cc80000,0x000000079d880000)
 ParOldGen       total 87552K, used 13767K [0x0000000740000000, 0x0000000745580000, 0x0000000795580000)
  object space 87552K, 15% used [0x0000000740000000,0x0000000740d71d98,0x0000000745580000)
 Metaspace       used 11539K, capacity 11877K, committed 12160K, reserved 1060864K
  class space    used 1230K, capacity 1297K, committed 1408K, reserved 1048576K
}

